<?xml version="1.0" encoding="utf-8"?><testsuites name="pytest tests"><testsuite name="pytest" errors="0" failures="21" skipped="0" tests="35" time="9.921" timestamp="2026-03-16T12:11:52.869628+01:00" hostname="plappi"><testcase classname="tests.local_energy" name="test_local_energy_matches_netket[0-4-0.1]" time="1.499"><failure message="AssertionError: N=4, h=0.1, seed=0, v=[ 1.  1.  1. -1.]&#10;    ours=-0.39939277, netket=-0.39892847, diff=4.64e-04&#10;assert False&#10; +  where False = &lt;function allclose at 0x7faa54f663f0&gt;(np.float64(-0.39939276849320365), -0.39892846656150394, atol=1e-05)&#10; +    where &lt;function allclose at 0x7faa54f663f0&gt; = np.allclose">N = 4, h = 0.1, seed = 0

    @pytest.mark.parametrize(
        "N,h",
        [
            (4, 0.1),
            (4, 1.0),
            (4, 2.0),
            (8, 0.5),
            (8, 1.5),
            (12, 1.0),
            (16, 0.5),
        ],
    )
    @pytest.mark.parametrize("seed", [0, 1, 2])
    def test_local_energy_matches_netket(N: int, h: float, seed: int):
        """Per-configuration local energy must agree with NetKet to 1e-5."""
        rng = np.random.default_rng(seed)
        ising = TransverseFieldIsing1D(N, h)
        rbm = make_rbm_with_known_weights(N, seed)
    
        for _ in range(3):
            v = rng.choice([-1, 1], size=N).astype(float)
    
            E_ours = ising.local_energy(v, rbm.psi_ratio)
            E_ref = netket_local_energy(N, h, v, rbm)
    
&gt;           assert np.allclose(E_ours, E_ref, atol=1e-5), (
                f"N={N}, h={h}, seed={seed}, v={v}\n"
                f"  ours={E_ours:.8f}, netket={E_ref:.8f}, "
                f"diff={abs(E_ours - E_ref):.2e}"
            )
E           AssertionError: N=4, h=0.1, seed=0, v=[ 1.  1.  1. -1.]
E               ours=-0.39939277, netket=-0.39892847, diff=4.64e-04
E           assert False
E            +  where False = &lt;function allclose at 0x7faa54f663f0&gt;(np.float64(-0.39939276849320365), -0.39892846656150394, atol=1e-05)
E            +    where &lt;function allclose at 0x7faa54f663f0&gt; = np.allclose

tests/local_energy.py:180: AssertionError</failure></testcase><testcase classname="tests.local_energy" name="test_local_energy_matches_netket[0-4-1.0]" time="0.019"><failure message="AssertionError: N=4, h=1.0, seed=0, v=[ 1.  1.  1. -1.]&#10;    ours=-3.99392768, netket=-3.98928467, diff=4.64e-03&#10;assert False&#10; +  where False = &lt;function allclose at 0x7faa54f663f0&gt;(np.float64(-3.993927684932036), -3.989284665615039, atol=1e-05)&#10; +    where &lt;function allclose at 0x7faa54f663f0&gt; = np.allclose">N = 4, h = 1.0, seed = 0

    @pytest.mark.parametrize(
        "N,h",
        [
            (4, 0.1),
            (4, 1.0),
            (4, 2.0),
            (8, 0.5),
            (8, 1.5),
            (12, 1.0),
            (16, 0.5),
        ],
    )
    @pytest.mark.parametrize("seed", [0, 1, 2])
    def test_local_energy_matches_netket(N: int, h: float, seed: int):
        """Per-configuration local energy must agree with NetKet to 1e-5."""
        rng = np.random.default_rng(seed)
        ising = TransverseFieldIsing1D(N, h)
        rbm = make_rbm_with_known_weights(N, seed)
    
        for _ in range(3):
            v = rng.choice([-1, 1], size=N).astype(float)
    
            E_ours = ising.local_energy(v, rbm.psi_ratio)
            E_ref = netket_local_energy(N, h, v, rbm)
    
&gt;           assert np.allclose(E_ours, E_ref, atol=1e-5), (
                f"N={N}, h={h}, seed={seed}, v={v}\n"
                f"  ours={E_ours:.8f}, netket={E_ref:.8f}, "
                f"diff={abs(E_ours - E_ref):.2e}"
            )
E           AssertionError: N=4, h=1.0, seed=0, v=[ 1.  1.  1. -1.]
E               ours=-3.99392768, netket=-3.98928467, diff=4.64e-03
E           assert False
E            +  where False = &lt;function allclose at 0x7faa54f663f0&gt;(np.float64(-3.993927684932036), -3.989284665615039, atol=1e-05)
E            +    where &lt;function allclose at 0x7faa54f663f0&gt; = np.allclose

tests/local_energy.py:180: AssertionError</failure></testcase><testcase classname="tests.local_energy" name="test_local_energy_matches_netket[0-4-2.0]" time="0.014"><failure message="AssertionError: N=4, h=2.0, seed=0, v=[ 1.  1.  1. -1.]&#10;    ours=-7.98785537, netket=-7.97856933, diff=9.29e-03&#10;assert False&#10; +  where False = &lt;function allclose at 0x7faa54f663f0&gt;(np.float64(-7.987855369864072), -7.978569331230078, atol=1e-05)&#10; +    where &lt;function allclose at 0x7faa54f663f0&gt; = np.allclose">N = 4, h = 2.0, seed = 0

    @pytest.mark.parametrize(
        "N,h",
        [
            (4, 0.1),
            (4, 1.0),
            (4, 2.0),
            (8, 0.5),
            (8, 1.5),
            (12, 1.0),
            (16, 0.5),
        ],
    )
    @pytest.mark.parametrize("seed", [0, 1, 2])
    def test_local_energy_matches_netket(N: int, h: float, seed: int):
        """Per-configuration local energy must agree with NetKet to 1e-5."""
        rng = np.random.default_rng(seed)
        ising = TransverseFieldIsing1D(N, h)
        rbm = make_rbm_with_known_weights(N, seed)
    
        for _ in range(3):
            v = rng.choice([-1, 1], size=N).astype(float)
    
            E_ours = ising.local_energy(v, rbm.psi_ratio)
            E_ref = netket_local_energy(N, h, v, rbm)
    
&gt;           assert np.allclose(E_ours, E_ref, atol=1e-5), (
                f"N={N}, h={h}, seed={seed}, v={v}\n"
                f"  ours={E_ours:.8f}, netket={E_ref:.8f}, "
                f"diff={abs(E_ours - E_ref):.2e}"
            )
E           AssertionError: N=4, h=2.0, seed=0, v=[ 1.  1.  1. -1.]
E               ours=-7.98785537, netket=-7.97856933, diff=9.29e-03
E           assert False
E            +  where False = &lt;function allclose at 0x7faa54f663f0&gt;(np.float64(-7.987855369864072), -7.978569331230078, atol=1e-05)
E            +    where &lt;function allclose at 0x7faa54f663f0&gt; = np.allclose

tests/local_energy.py:180: AssertionError</failure></testcase><testcase classname="tests.local_energy" name="test_local_energy_matches_netket[0-8-0.5]" time="0.976"><failure message="AssertionError: N=8, h=0.5, seed=0, v=[ 1.  1.  1. -1. -1. -1. -1. -1.]&#10;    ours=-8.00723220, netket=-8.01530712, diff=8.07e-03&#10;assert False&#10; +  where False = &lt;function allclose at 0x7faa54f663f0&gt;(np.float64(-8.007232202623424), -8.015307124072166, atol=1e-05)&#10; +    where &lt;function allclose at 0x7faa54f663f0&gt; = np.allclose">N = 8, h = 0.5, seed = 0

    @pytest.mark.parametrize(
        "N,h",
        [
            (4, 0.1),
            (4, 1.0),
            (4, 2.0),
            (8, 0.5),
            (8, 1.5),
            (12, 1.0),
            (16, 0.5),
        ],
    )
    @pytest.mark.parametrize("seed", [0, 1, 2])
    def test_local_energy_matches_netket(N: int, h: float, seed: int):
        """Per-configuration local energy must agree with NetKet to 1e-5."""
        rng = np.random.default_rng(seed)
        ising = TransverseFieldIsing1D(N, h)
        rbm = make_rbm_with_known_weights(N, seed)
    
        for _ in range(3):
            v = rng.choice([-1, 1], size=N).astype(float)
    
            E_ours = ising.local_energy(v, rbm.psi_ratio)
            E_ref = netket_local_energy(N, h, v, rbm)
    
&gt;           assert np.allclose(E_ours, E_ref, atol=1e-5), (
                f"N={N}, h={h}, seed={seed}, v={v}\n"
                f"  ours={E_ours:.8f}, netket={E_ref:.8f}, "
                f"diff={abs(E_ours - E_ref):.2e}"
            )
E           AssertionError: N=8, h=0.5, seed=0, v=[ 1.  1.  1. -1. -1. -1. -1. -1.]
E               ours=-8.00723220, netket=-8.01530712, diff=8.07e-03
E           assert False
E            +  where False = &lt;function allclose at 0x7faa54f663f0&gt;(np.float64(-8.007232202623424), -8.015307124072166, atol=1e-05)
E            +    where &lt;function allclose at 0x7faa54f663f0&gt; = np.allclose

tests/local_energy.py:180: AssertionError</failure></testcase><testcase classname="tests.local_energy" name="test_local_energy_matches_netket[0-8-1.5]" time="0.021"><failure message="AssertionError: N=8, h=1.5, seed=0, v=[ 1.  1.  1. -1. -1. -1. -1. -1.]&#10;    ours=-16.02169661, netket=-16.04592137, diff=2.42e-02&#10;assert False&#10; +  where False = &lt;function allclose at 0x7faa54f663f0&gt;(np.float64(-16.021696607870275), -16.04592137221649, atol=1e-05)&#10; +    where &lt;function allclose at 0x7faa54f663f0&gt; = np.allclose">N = 8, h = 1.5, seed = 0

    @pytest.mark.parametrize(
        "N,h",
        [
            (4, 0.1),
            (4, 1.0),
            (4, 2.0),
            (8, 0.5),
            (8, 1.5),
            (12, 1.0),
            (16, 0.5),
        ],
    )
    @pytest.mark.parametrize("seed", [0, 1, 2])
    def test_local_energy_matches_netket(N: int, h: float, seed: int):
        """Per-configuration local energy must agree with NetKet to 1e-5."""
        rng = np.random.default_rng(seed)
        ising = TransverseFieldIsing1D(N, h)
        rbm = make_rbm_with_known_weights(N, seed)
    
        for _ in range(3):
            v = rng.choice([-1, 1], size=N).astype(float)
    
            E_ours = ising.local_energy(v, rbm.psi_ratio)
            E_ref = netket_local_energy(N, h, v, rbm)
    
&gt;           assert np.allclose(E_ours, E_ref, atol=1e-5), (
                f"N={N}, h={h}, seed={seed}, v={v}\n"
                f"  ours={E_ours:.8f}, netket={E_ref:.8f}, "
                f"diff={abs(E_ours - E_ref):.2e}"
            )
E           AssertionError: N=8, h=1.5, seed=0, v=[ 1.  1.  1. -1. -1. -1. -1. -1.]
E               ours=-16.02169661, netket=-16.04592137, diff=2.42e-02
E           assert False
E            +  where False = &lt;function allclose at 0x7faa54f663f0&gt;(np.float64(-16.021696607870275), -16.04592137221649, atol=1e-05)
E            +    where &lt;function allclose at 0x7faa54f663f0&gt; = np.allclose

tests/local_energy.py:180: AssertionError</failure></testcase><testcase classname="tests.local_energy" name="test_local_energy_matches_netket[0-12-1.0]" time="0.958"><failure message="AssertionError: N=12, h=1.0, seed=0, v=[ 1.  1.  1. -1. -1. -1. -1. -1. -1.  1.  1.  1.]&#10;    ours=-20.02790703, netket=-20.07579268, diff=4.79e-02&#10;assert False&#10; +  where False = &lt;function allclose at 0x7faa54f663f0&gt;(np.float64(-20.027907028440534), -20.075792681256196, atol=1e-05)&#10; +    where &lt;function allclose at 0x7faa54f663f0&gt; = np.allclose">N = 12, h = 1.0, seed = 0

    @pytest.mark.parametrize(
        "N,h",
        [
            (4, 0.1),
            (4, 1.0),
            (4, 2.0),
            (8, 0.5),
            (8, 1.5),
            (12, 1.0),
            (16, 0.5),
        ],
    )
    @pytest.mark.parametrize("seed", [0, 1, 2])
    def test_local_energy_matches_netket(N: int, h: float, seed: int):
        """Per-configuration local energy must agree with NetKet to 1e-5."""
        rng = np.random.default_rng(seed)
        ising = TransverseFieldIsing1D(N, h)
        rbm = make_rbm_with_known_weights(N, seed)
    
        for _ in range(3):
            v = rng.choice([-1, 1], size=N).astype(float)
    
            E_ours = ising.local_energy(v, rbm.psi_ratio)
            E_ref = netket_local_energy(N, h, v, rbm)
    
&gt;           assert np.allclose(E_ours, E_ref, atol=1e-5), (
                f"N={N}, h={h}, seed={seed}, v={v}\n"
                f"  ours={E_ours:.8f}, netket={E_ref:.8f}, "
                f"diff={abs(E_ours - E_ref):.2e}"
            )
E           AssertionError: N=12, h=1.0, seed=0, v=[ 1.  1.  1. -1. -1. -1. -1. -1. -1.  1.  1.  1.]
E               ours=-20.02790703, netket=-20.07579268, diff=4.79e-02
E           assert False
E            +  where False = &lt;function allclose at 0x7faa54f663f0&gt;(np.float64(-20.027907028440534), -20.075792681256196, atol=1e-05)
E            +    where &lt;function allclose at 0x7faa54f663f0&gt; = np.allclose

tests/local_energy.py:180: AssertionError</failure></testcase><testcase classname="tests.local_energy" name="test_local_energy_matches_netket[0-16-0.5]" time="1.133"><failure message="AssertionError: N=16, h=0.5, seed=0, v=[ 1.  1.  1. -1. -1. -1. -1. -1. -1.  1.  1.  1.  1.  1.  1.  1.]&#10;    ours=-20.03256169, netket=-20.08572209, diff=5.32e-02&#10;assert False&#10; +  where False = &lt;function allclose at 0x7faa54f663f0&gt;(np.float64(-20.032561686219033), -20.08572208859642, atol=1e-05)&#10; +    where &lt;function allclose at 0x7faa54f663f0&gt; = np.allclose">N = 16, h = 0.5, seed = 0

    @pytest.mark.parametrize(
        "N,h",
        [
            (4, 0.1),
            (4, 1.0),
            (4, 2.0),
            (8, 0.5),
            (8, 1.5),
            (12, 1.0),
            (16, 0.5),
        ],
    )
    @pytest.mark.parametrize("seed", [0, 1, 2])
    def test_local_energy_matches_netket(N: int, h: float, seed: int):
        """Per-configuration local energy must agree with NetKet to 1e-5."""
        rng = np.random.default_rng(seed)
        ising = TransverseFieldIsing1D(N, h)
        rbm = make_rbm_with_known_weights(N, seed)
    
        for _ in range(3):
            v = rng.choice([-1, 1], size=N).astype(float)
    
            E_ours = ising.local_energy(v, rbm.psi_ratio)
            E_ref = netket_local_energy(N, h, v, rbm)
    
&gt;           assert np.allclose(E_ours, E_ref, atol=1e-5), (
                f"N={N}, h={h}, seed={seed}, v={v}\n"
                f"  ours={E_ours:.8f}, netket={E_ref:.8f}, "
                f"diff={abs(E_ours - E_ref):.2e}"
            )
E           AssertionError: N=16, h=0.5, seed=0, v=[ 1.  1.  1. -1. -1. -1. -1. -1. -1.  1.  1.  1.  1.  1.  1.  1.]
E               ours=-20.03256169, netket=-20.08572209, diff=5.32e-02
E           assert False
E            +  where False = &lt;function allclose at 0x7faa54f663f0&gt;(np.float64(-20.032561686219033), -20.08572208859642, atol=1e-05)
E            +    where &lt;function allclose at 0x7faa54f663f0&gt; = np.allclose

tests/local_energy.py:180: AssertionError</failure></testcase><testcase classname="tests.local_energy" name="test_local_energy_matches_netket[1-4-0.1]" time="0.021"><failure message="AssertionError: N=4, h=0.1, seed=1, v=[-1.  1.  1.  1.]&#10;    ours=-0.40054351, netket=-0.40106680, diff=5.23e-04&#10;assert False&#10; +  where False = &lt;function allclose at 0x7faa54f663f0&gt;(np.float64(-0.40054351175980935), -0.40106679597234995, atol=1e-05)&#10; +    where &lt;function allclose at 0x7faa54f663f0&gt; = np.allclose">N = 4, h = 0.1, seed = 1

    @pytest.mark.parametrize(
        "N,h",
        [
            (4, 0.1),
            (4, 1.0),
            (4, 2.0),
            (8, 0.5),
            (8, 1.5),
            (12, 1.0),
            (16, 0.5),
        ],
    )
    @pytest.mark.parametrize("seed", [0, 1, 2])
    def test_local_energy_matches_netket(N: int, h: float, seed: int):
        """Per-configuration local energy must agree with NetKet to 1e-5."""
        rng = np.random.default_rng(seed)
        ising = TransverseFieldIsing1D(N, h)
        rbm = make_rbm_with_known_weights(N, seed)
    
        for _ in range(3):
            v = rng.choice([-1, 1], size=N).astype(float)
    
            E_ours = ising.local_energy(v, rbm.psi_ratio)
            E_ref = netket_local_energy(N, h, v, rbm)
    
&gt;           assert np.allclose(E_ours, E_ref, atol=1e-5), (
                f"N={N}, h={h}, seed={seed}, v={v}\n"
                f"  ours={E_ours:.8f}, netket={E_ref:.8f}, "
                f"diff={abs(E_ours - E_ref):.2e}"
            )
E           AssertionError: N=4, h=0.1, seed=1, v=[-1.  1.  1.  1.]
E               ours=-0.40054351, netket=-0.40106680, diff=5.23e-04
E           assert False
E            +  where False = &lt;function allclose at 0x7faa54f663f0&gt;(np.float64(-0.40054351175980935), -0.40106679597234995, atol=1e-05)
E            +    where &lt;function allclose at 0x7faa54f663f0&gt; = np.allclose

tests/local_energy.py:180: AssertionError</failure></testcase><testcase classname="tests.local_energy" name="test_local_energy_matches_netket[1-4-1.0]" time="0.016"><failure message="AssertionError: N=4, h=1.0, seed=1, v=[-1.  1.  1.  1.]&#10;    ours=-4.00543512, netket=-4.01066796, diff=5.23e-03&#10;assert False&#10; +  where False = &lt;function allclose at 0x7faa54f663f0&gt;(np.float64(-4.005435117598093), -4.0106679597234995, atol=1e-05)&#10; +    where &lt;function allclose at 0x7faa54f663f0&gt; = np.allclose">N = 4, h = 1.0, seed = 1

    @pytest.mark.parametrize(
        "N,h",
        [
            (4, 0.1),
            (4, 1.0),
            (4, 2.0),
            (8, 0.5),
            (8, 1.5),
            (12, 1.0),
            (16, 0.5),
        ],
    )
    @pytest.mark.parametrize("seed", [0, 1, 2])
    def test_local_energy_matches_netket(N: int, h: float, seed: int):
        """Per-configuration local energy must agree with NetKet to 1e-5."""
        rng = np.random.default_rng(seed)
        ising = TransverseFieldIsing1D(N, h)
        rbm = make_rbm_with_known_weights(N, seed)
    
        for _ in range(3):
            v = rng.choice([-1, 1], size=N).astype(float)
    
            E_ours = ising.local_energy(v, rbm.psi_ratio)
            E_ref = netket_local_energy(N, h, v, rbm)
    
&gt;           assert np.allclose(E_ours, E_ref, atol=1e-5), (
                f"N={N}, h={h}, seed={seed}, v={v}\n"
                f"  ours={E_ours:.8f}, netket={E_ref:.8f}, "
                f"diff={abs(E_ours - E_ref):.2e}"
            )
E           AssertionError: N=4, h=1.0, seed=1, v=[-1.  1.  1.  1.]
E               ours=-4.00543512, netket=-4.01066796, diff=5.23e-03
E           assert False
E            +  where False = &lt;function allclose at 0x7faa54f663f0&gt;(np.float64(-4.005435117598093), -4.0106679597234995, atol=1e-05)
E            +    where &lt;function allclose at 0x7faa54f663f0&gt; = np.allclose

tests/local_energy.py:180: AssertionError</failure></testcase><testcase classname="tests.local_energy" name="test_local_energy_matches_netket[1-4-2.0]" time="0.015"><failure message="AssertionError: N=4, h=2.0, seed=1, v=[-1.  1.  1.  1.]&#10;    ours=-8.01087024, netket=-8.02133592, diff=1.05e-02&#10;assert False&#10; +  where False = &lt;function allclose at 0x7faa54f663f0&gt;(np.float64(-8.010870235196187), -8.021335919446999, atol=1e-05)&#10; +    where &lt;function allclose at 0x7faa54f663f0&gt; = np.allclose">N = 4, h = 2.0, seed = 1

    @pytest.mark.parametrize(
        "N,h",
        [
            (4, 0.1),
            (4, 1.0),
            (4, 2.0),
            (8, 0.5),
            (8, 1.5),
            (12, 1.0),
            (16, 0.5),
        ],
    )
    @pytest.mark.parametrize("seed", [0, 1, 2])
    def test_local_energy_matches_netket(N: int, h: float, seed: int):
        """Per-configuration local energy must agree with NetKet to 1e-5."""
        rng = np.random.default_rng(seed)
        ising = TransverseFieldIsing1D(N, h)
        rbm = make_rbm_with_known_weights(N, seed)
    
        for _ in range(3):
            v = rng.choice([-1, 1], size=N).astype(float)
    
            E_ours = ising.local_energy(v, rbm.psi_ratio)
            E_ref = netket_local_energy(N, h, v, rbm)
    
&gt;           assert np.allclose(E_ours, E_ref, atol=1e-5), (
                f"N={N}, h={h}, seed={seed}, v={v}\n"
                f"  ours={E_ours:.8f}, netket={E_ref:.8f}, "
                f"diff={abs(E_ours - E_ref):.2e}"
            )
E           AssertionError: N=4, h=2.0, seed=1, v=[-1.  1.  1.  1.]
E               ours=-8.01087024, netket=-8.02133592, diff=1.05e-02
E           assert False
E            +  where False = &lt;function allclose at 0x7faa54f663f0&gt;(np.float64(-8.010870235196187), -8.021335919446999, atol=1e-05)
E            +    where &lt;function allclose at 0x7faa54f663f0&gt; = np.allclose

tests/local_energy.py:180: AssertionError</failure></testcase><testcase classname="tests.local_energy" name="test_local_energy_matches_netket[1-8-0.5]" time="0.026"><failure message="AssertionError: N=8, h=0.5, seed=1, v=[-1.  1.  1.  1. -1. -1.  1.  1.]&#10;    ours=-4.00792547, netket=-4.02246364, diff=1.45e-02&#10;assert False&#10; +  where False = &lt;function allclose at 0x7faa54f663f0&gt;(np.float64(-4.007925467274877), -4.022463644362729, atol=1e-05)&#10; +    where &lt;function allclose at 0x7faa54f663f0&gt; = np.allclose">N = 8, h = 0.5, seed = 1

    @pytest.mark.parametrize(
        "N,h",
        [
            (4, 0.1),
            (4, 1.0),
            (4, 2.0),
            (8, 0.5),
            (8, 1.5),
            (12, 1.0),
            (16, 0.5),
        ],
    )
    @pytest.mark.parametrize("seed", [0, 1, 2])
    def test_local_energy_matches_netket(N: int, h: float, seed: int):
        """Per-configuration local energy must agree with NetKet to 1e-5."""
        rng = np.random.default_rng(seed)
        ising = TransverseFieldIsing1D(N, h)
        rbm = make_rbm_with_known_weights(N, seed)
    
        for _ in range(3):
            v = rng.choice([-1, 1], size=N).astype(float)
    
            E_ours = ising.local_energy(v, rbm.psi_ratio)
            E_ref = netket_local_energy(N, h, v, rbm)
    
&gt;           assert np.allclose(E_ours, E_ref, atol=1e-5), (
                f"N={N}, h={h}, seed={seed}, v={v}\n"
                f"  ours={E_ours:.8f}, netket={E_ref:.8f}, "
                f"diff={abs(E_ours - E_ref):.2e}"
            )
E           AssertionError: N=8, h=0.5, seed=1, v=[-1.  1.  1.  1. -1. -1.  1.  1.]
E               ours=-4.00792547, netket=-4.02246364, diff=1.45e-02
E           assert False
E            +  where False = &lt;function allclose at 0x7faa54f663f0&gt;(np.float64(-4.007925467274877), -4.022463644362729, atol=1e-05)
E            +    where &lt;function allclose at 0x7faa54f663f0&gt; = np.allclose

tests/local_energy.py:180: AssertionError</failure></testcase><testcase classname="tests.local_energy" name="test_local_energy_matches_netket[1-8-1.5]" time="0.024"><failure message="AssertionError: N=8, h=1.5, seed=1, v=[-1.  1.  1.  1. -1. -1.  1.  1.]&#10;    ours=-12.02377640, netket=-12.06739093, diff=4.36e-02&#10;assert False&#10; +  where False = &lt;function allclose at 0x7faa54f663f0&gt;(np.float64(-12.02377640182463), -12.067390933088186, atol=1e-05)&#10; +    where &lt;function allclose at 0x7faa54f663f0&gt; = np.allclose">N = 8, h = 1.5, seed = 1

    @pytest.mark.parametrize(
        "N,h",
        [
            (4, 0.1),
            (4, 1.0),
            (4, 2.0),
            (8, 0.5),
            (8, 1.5),
            (12, 1.0),
            (16, 0.5),
        ],
    )
    @pytest.mark.parametrize("seed", [0, 1, 2])
    def test_local_energy_matches_netket(N: int, h: float, seed: int):
        """Per-configuration local energy must agree with NetKet to 1e-5."""
        rng = np.random.default_rng(seed)
        ising = TransverseFieldIsing1D(N, h)
        rbm = make_rbm_with_known_weights(N, seed)
    
        for _ in range(3):
            v = rng.choice([-1, 1], size=N).astype(float)
    
            E_ours = ising.local_energy(v, rbm.psi_ratio)
            E_ref = netket_local_energy(N, h, v, rbm)
    
&gt;           assert np.allclose(E_ours, E_ref, atol=1e-5), (
                f"N={N}, h={h}, seed={seed}, v={v}\n"
                f"  ours={E_ours:.8f}, netket={E_ref:.8f}, "
                f"diff={abs(E_ours - E_ref):.2e}"
            )
E           AssertionError: N=8, h=1.5, seed=1, v=[-1.  1.  1.  1. -1. -1.  1.  1.]
E               ours=-12.02377640, netket=-12.06739093, diff=4.36e-02
E           assert False
E            +  where False = &lt;function allclose at 0x7faa54f663f0&gt;(np.float64(-12.02377640182463), -12.067390933088186, atol=1e-05)
E            +    where &lt;function allclose at 0x7faa54f663f0&gt; = np.allclose

tests/local_energy.py:180: AssertionError</failure></testcase><testcase classname="tests.local_energy" name="test_local_energy_matches_netket[1-12-1.0]" time="0.029"><failure message="AssertionError: N=12, h=1.0, seed=1, v=[-1.  1.  1.  1. -1. -1.  1.  1. -1. -1.  1. -1.]&#10;    ours=-12.03502623, netket=-12.07403043, diff=3.90e-02&#10;assert False&#10; +  where False = &lt;function allclose at 0x7faa54f663f0&gt;(np.float64(-12.035026232493788), -12.074030429525703, atol=1e-05)&#10; +    where &lt;function allclose at 0x7faa54f663f0&gt; = np.allclose">N = 12, h = 1.0, seed = 1

    @pytest.mark.parametrize(
        "N,h",
        [
            (4, 0.1),
            (4, 1.0),
            (4, 2.0),
            (8, 0.5),
            (8, 1.5),
            (12, 1.0),
            (16, 0.5),
        ],
    )
    @pytest.mark.parametrize("seed", [0, 1, 2])
    def test_local_energy_matches_netket(N: int, h: float, seed: int):
        """Per-configuration local energy must agree with NetKet to 1e-5."""
        rng = np.random.default_rng(seed)
        ising = TransverseFieldIsing1D(N, h)
        rbm = make_rbm_with_known_weights(N, seed)
    
        for _ in range(3):
            v = rng.choice([-1, 1], size=N).astype(float)
    
            E_ours = ising.local_energy(v, rbm.psi_ratio)
            E_ref = netket_local_energy(N, h, v, rbm)
    
&gt;           assert np.allclose(E_ours, E_ref, atol=1e-5), (
                f"N={N}, h={h}, seed={seed}, v={v}\n"
                f"  ours={E_ours:.8f}, netket={E_ref:.8f}, "
                f"diff={abs(E_ours - E_ref):.2e}"
            )
E           AssertionError: N=12, h=1.0, seed=1, v=[-1.  1.  1.  1. -1. -1.  1.  1. -1. -1.  1. -1.]
E               ours=-12.03502623, netket=-12.07403043, diff=3.90e-02
E           assert False
E            +  where False = &lt;function allclose at 0x7faa54f663f0&gt;(np.float64(-12.035026232493788), -12.074030429525703, atol=1e-05)
E            +    where &lt;function allclose at 0x7faa54f663f0&gt; = np.allclose

tests/local_energy.py:180: AssertionError</failure></testcase><testcase classname="tests.local_energy" name="test_local_energy_matches_netket[1-16-0.5]" time="0.033"><failure message="AssertionError: N=16, h=0.5, seed=1, v=[-1.  1.  1.  1. -1. -1.  1.  1. -1. -1.  1. -1. -1.  1. -1. -1.]&#10;    ours=-8.00679161, netket=-8.03045902, diff=2.37e-02&#10;assert False&#10; +  where False = &lt;function allclose at 0x7faa54f663f0&gt;(np.float64(-8.006791607550108), -8.030459017705867, atol=1e-05)&#10; +    where &lt;function allclose at 0x7faa54f663f0&gt; = np.allclose">N = 16, h = 0.5, seed = 1

    @pytest.mark.parametrize(
        "N,h",
        [
            (4, 0.1),
            (4, 1.0),
            (4, 2.0),
            (8, 0.5),
            (8, 1.5),
            (12, 1.0),
            (16, 0.5),
        ],
    )
    @pytest.mark.parametrize("seed", [0, 1, 2])
    def test_local_energy_matches_netket(N: int, h: float, seed: int):
        """Per-configuration local energy must agree with NetKet to 1e-5."""
        rng = np.random.default_rng(seed)
        ising = TransverseFieldIsing1D(N, h)
        rbm = make_rbm_with_known_weights(N, seed)
    
        for _ in range(3):
            v = rng.choice([-1, 1], size=N).astype(float)
    
            E_ours = ising.local_energy(v, rbm.psi_ratio)
            E_ref = netket_local_energy(N, h, v, rbm)
    
&gt;           assert np.allclose(E_ours, E_ref, atol=1e-5), (
                f"N={N}, h={h}, seed={seed}, v={v}\n"
                f"  ours={E_ours:.8f}, netket={E_ref:.8f}, "
                f"diff={abs(E_ours - E_ref):.2e}"
            )
E           AssertionError: N=16, h=0.5, seed=1, v=[-1.  1.  1.  1. -1. -1.  1.  1. -1. -1.  1. -1. -1.  1. -1. -1.]
E               ours=-8.00679161, netket=-8.03045902, diff=2.37e-02
E           assert False
E            +  where False = &lt;function allclose at 0x7faa54f663f0&gt;(np.float64(-8.006791607550108), -8.030459017705867, atol=1e-05)
E            +    where &lt;function allclose at 0x7faa54f663f0&gt; = np.allclose

tests/local_energy.py:180: AssertionError</failure></testcase><testcase classname="tests.local_energy" name="test_local_energy_matches_netket[2-4-0.1]" time="0.017"><failure message="AssertionError: N=4, h=0.1, seed=2, v=[ 1. -1. -1. -1.]&#10;    ours=-0.39650735, netket=-0.39284915, diff=3.66e-03&#10;assert False&#10; +  where False = &lt;function allclose at 0x7faa54f663f0&gt;(np.float64(-0.39650735465605624), -0.3928491455199776, atol=1e-05)&#10; +    where &lt;function allclose at 0x7faa54f663f0&gt; = np.allclose">N = 4, h = 0.1, seed = 2

    @pytest.mark.parametrize(
        "N,h",
        [
            (4, 0.1),
            (4, 1.0),
            (4, 2.0),
            (8, 0.5),
            (8, 1.5),
            (12, 1.0),
            (16, 0.5),
        ],
    )
    @pytest.mark.parametrize("seed", [0, 1, 2])
    def test_local_energy_matches_netket(N: int, h: float, seed: int):
        """Per-configuration local energy must agree with NetKet to 1e-5."""
        rng = np.random.default_rng(seed)
        ising = TransverseFieldIsing1D(N, h)
        rbm = make_rbm_with_known_weights(N, seed)
    
        for _ in range(3):
            v = rng.choice([-1, 1], size=N).astype(float)
    
            E_ours = ising.local_energy(v, rbm.psi_ratio)
            E_ref = netket_local_energy(N, h, v, rbm)
    
&gt;           assert np.allclose(E_ours, E_ref, atol=1e-5), (
                f"N={N}, h={h}, seed={seed}, v={v}\n"
                f"  ours={E_ours:.8f}, netket={E_ref:.8f}, "
                f"diff={abs(E_ours - E_ref):.2e}"
            )
E           AssertionError: N=4, h=0.1, seed=2, v=[ 1. -1. -1. -1.]
E               ours=-0.39650735, netket=-0.39284915, diff=3.66e-03
E           assert False
E            +  where False = &lt;function allclose at 0x7faa54f663f0&gt;(np.float64(-0.39650735465605624), -0.3928491455199776, atol=1e-05)
E            +    where &lt;function allclose at 0x7faa54f663f0&gt; = np.allclose

tests/local_energy.py:180: AssertionError</failure></testcase><testcase classname="tests.local_energy" name="test_local_energy_matches_netket[2-4-1.0]" time="0.019"><failure message="AssertionError: N=4, h=1.0, seed=2, v=[ 1. -1. -1. -1.]&#10;    ours=-3.96507355, netket=-3.92849146, diff=3.66e-02&#10;assert False&#10; +  where False = &lt;function allclose at 0x7faa54f663f0&gt;(np.float64(-3.9650735465605624), -3.928491455199776, atol=1e-05)&#10; +    where &lt;function allclose at 0x7faa54f663f0&gt; = np.allclose">N = 4, h = 1.0, seed = 2

    @pytest.mark.parametrize(
        "N,h",
        [
            (4, 0.1),
            (4, 1.0),
            (4, 2.0),
            (8, 0.5),
            (8, 1.5),
            (12, 1.0),
            (16, 0.5),
        ],
    )
    @pytest.mark.parametrize("seed", [0, 1, 2])
    def test_local_energy_matches_netket(N: int, h: float, seed: int):
        """Per-configuration local energy must agree with NetKet to 1e-5."""
        rng = np.random.default_rng(seed)
        ising = TransverseFieldIsing1D(N, h)
        rbm = make_rbm_with_known_weights(N, seed)
    
        for _ in range(3):
            v = rng.choice([-1, 1], size=N).astype(float)
    
            E_ours = ising.local_energy(v, rbm.psi_ratio)
            E_ref = netket_local_energy(N, h, v, rbm)
    
&gt;           assert np.allclose(E_ours, E_ref, atol=1e-5), (
                f"N={N}, h={h}, seed={seed}, v={v}\n"
                f"  ours={E_ours:.8f}, netket={E_ref:.8f}, "
                f"diff={abs(E_ours - E_ref):.2e}"
            )
E           AssertionError: N=4, h=1.0, seed=2, v=[ 1. -1. -1. -1.]
E               ours=-3.96507355, netket=-3.92849146, diff=3.66e-02
E           assert False
E            +  where False = &lt;function allclose at 0x7faa54f663f0&gt;(np.float64(-3.9650735465605624), -3.928491455199776, atol=1e-05)
E            +    where &lt;function allclose at 0x7faa54f663f0&gt; = np.allclose

tests/local_energy.py:180: AssertionError</failure></testcase><testcase classname="tests.local_energy" name="test_local_energy_matches_netket[2-4-2.0]" time="0.016"><failure message="AssertionError: N=4, h=2.0, seed=2, v=[ 1. -1. -1. -1.]&#10;    ours=-7.93014709, netket=-7.85698291, diff=7.32e-02&#10;assert False&#10; +  where False = &lt;function allclose at 0x7faa54f663f0&gt;(np.float64(-7.930147093121125), -7.856982910399552, atol=1e-05)&#10; +    where &lt;function allclose at 0x7faa54f663f0&gt; = np.allclose">N = 4, h = 2.0, seed = 2

    @pytest.mark.parametrize(
        "N,h",
        [
            (4, 0.1),
            (4, 1.0),
            (4, 2.0),
            (8, 0.5),
            (8, 1.5),
            (12, 1.0),
            (16, 0.5),
        ],
    )
    @pytest.mark.parametrize("seed", [0, 1, 2])
    def test_local_energy_matches_netket(N: int, h: float, seed: int):
        """Per-configuration local energy must agree with NetKet to 1e-5."""
        rng = np.random.default_rng(seed)
        ising = TransverseFieldIsing1D(N, h)
        rbm = make_rbm_with_known_weights(N, seed)
    
        for _ in range(3):
            v = rng.choice([-1, 1], size=N).astype(float)
    
            E_ours = ising.local_energy(v, rbm.psi_ratio)
            E_ref = netket_local_energy(N, h, v, rbm)
    
&gt;           assert np.allclose(E_ours, E_ref, atol=1e-5), (
                f"N={N}, h={h}, seed={seed}, v={v}\n"
                f"  ours={E_ours:.8f}, netket={E_ref:.8f}, "
                f"diff={abs(E_ours - E_ref):.2e}"
            )
E           AssertionError: N=4, h=2.0, seed=2, v=[ 1. -1. -1. -1.]
E               ours=-7.93014709, netket=-7.85698291, diff=7.32e-02
E           assert False
E            +  where False = &lt;function allclose at 0x7faa54f663f0&gt;(np.float64(-7.930147093121125), -7.856982910399552, atol=1e-05)
E            +    where &lt;function allclose at 0x7faa54f663f0&gt; = np.allclose

tests/local_energy.py:180: AssertionError</failure></testcase><testcase classname="tests.local_energy" name="test_local_energy_matches_netket[2-8-0.5]" time="0.023"><failure message="AssertionError: N=8, h=0.5, seed=2, v=[ 1. -1. -1. -1. -1.  1. -1. -1.]&#10;    ours=-3.98600778, netket=-3.98070209, diff=5.31e-03&#10;assert False&#10; +  where False = &lt;function allclose at 0x7faa54f663f0&gt;(np.float64(-3.9860077848340096), -3.980702088606056, atol=1e-05)&#10; +    where &lt;function allclose at 0x7faa54f663f0&gt; = np.allclose">N = 8, h = 0.5, seed = 2

    @pytest.mark.parametrize(
        "N,h",
        [
            (4, 0.1),
            (4, 1.0),
            (4, 2.0),
            (8, 0.5),
            (8, 1.5),
            (12, 1.0),
            (16, 0.5),
        ],
    )
    @pytest.mark.parametrize("seed", [0, 1, 2])
    def test_local_energy_matches_netket(N: int, h: float, seed: int):
        """Per-configuration local energy must agree with NetKet to 1e-5."""
        rng = np.random.default_rng(seed)
        ising = TransverseFieldIsing1D(N, h)
        rbm = make_rbm_with_known_weights(N, seed)
    
        for _ in range(3):
            v = rng.choice([-1, 1], size=N).astype(float)
    
            E_ours = ising.local_energy(v, rbm.psi_ratio)
            E_ref = netket_local_energy(N, h, v, rbm)
    
&gt;           assert np.allclose(E_ours, E_ref, atol=1e-5), (
                f"N={N}, h={h}, seed={seed}, v={v}\n"
                f"  ours={E_ours:.8f}, netket={E_ref:.8f}, "
                f"diff={abs(E_ours - E_ref):.2e}"
            )
E           AssertionError: N=8, h=0.5, seed=2, v=[ 1. -1. -1. -1. -1.  1. -1. -1.]
E               ours=-3.98600778, netket=-3.98070209, diff=5.31e-03
E           assert False
E            +  where False = &lt;function allclose at 0x7faa54f663f0&gt;(np.float64(-3.9860077848340096), -3.980702088606056, atol=1e-05)
E            +    where &lt;function allclose at 0x7faa54f663f0&gt; = np.allclose

tests/local_energy.py:180: AssertionError</failure></testcase><testcase classname="tests.local_energy" name="test_local_energy_matches_netket[2-8-1.5]" time="0.035"><failure message="AssertionError: N=8, h=1.5, seed=2, v=[ 1. -1. -1. -1. -1.  1. -1. -1.]&#10;    ours=-11.95802335, netket=-11.94210627, diff=1.59e-02&#10;assert False&#10; +  where False = &lt;function allclose at 0x7faa54f663f0&gt;(np.float64(-11.958023354502028), -11.942106265818166, atol=1e-05)&#10; +    where &lt;function allclose at 0x7faa54f663f0&gt; = np.allclose">N = 8, h = 1.5, seed = 2

    @pytest.mark.parametrize(
        "N,h",
        [
            (4, 0.1),
            (4, 1.0),
            (4, 2.0),
            (8, 0.5),
            (8, 1.5),
            (12, 1.0),
            (16, 0.5),
        ],
    )
    @pytest.mark.parametrize("seed", [0, 1, 2])
    def test_local_energy_matches_netket(N: int, h: float, seed: int):
        """Per-configuration local energy must agree with NetKet to 1e-5."""
        rng = np.random.default_rng(seed)
        ising = TransverseFieldIsing1D(N, h)
        rbm = make_rbm_with_known_weights(N, seed)
    
        for _ in range(3):
            v = rng.choice([-1, 1], size=N).astype(float)
    
            E_ours = ising.local_energy(v, rbm.psi_ratio)
            E_ref = netket_local_energy(N, h, v, rbm)
    
&gt;           assert np.allclose(E_ours, E_ref, atol=1e-5), (
                f"N={N}, h={h}, seed={seed}, v={v}\n"
                f"  ours={E_ours:.8f}, netket={E_ref:.8f}, "
                f"diff={abs(E_ours - E_ref):.2e}"
            )
E           AssertionError: N=8, h=1.5, seed=2, v=[ 1. -1. -1. -1. -1.  1. -1. -1.]
E               ours=-11.95802335, netket=-11.94210627, diff=1.59e-02
E           assert False
E            +  where False = &lt;function allclose at 0x7faa54f663f0&gt;(np.float64(-11.958023354502028), -11.942106265818166, atol=1e-05)
E            +    where &lt;function allclose at 0x7faa54f663f0&gt; = np.allclose

tests/local_energy.py:180: AssertionError</failure></testcase><testcase classname="tests.local_energy" name="test_local_energy_matches_netket[2-12-1.0]" time="0.026"><failure message="AssertionError: N=12, h=1.0, seed=2, v=[ 1. -1. -1. -1. -1.  1. -1. -1. -1.  1.  1.  1.]&#10;    ours=-15.98404602, netket=-15.97460587, diff=9.44e-03&#10;assert False&#10; +  where False = &lt;function allclose at 0x7faa54f663f0&gt;(np.float64(-15.984046018457146), -15.974605866296908, atol=1e-05)&#10; +    where &lt;function allclose at 0x7faa54f663f0&gt; = np.allclose">N = 12, h = 1.0, seed = 2

    @pytest.mark.parametrize(
        "N,h",
        [
            (4, 0.1),
            (4, 1.0),
            (4, 2.0),
            (8, 0.5),
            (8, 1.5),
            (12, 1.0),
            (16, 0.5),
        ],
    )
    @pytest.mark.parametrize("seed", [0, 1, 2])
    def test_local_energy_matches_netket(N: int, h: float, seed: int):
        """Per-configuration local energy must agree with NetKet to 1e-5."""
        rng = np.random.default_rng(seed)
        ising = TransverseFieldIsing1D(N, h)
        rbm = make_rbm_with_known_weights(N, seed)
    
        for _ in range(3):
            v = rng.choice([-1, 1], size=N).astype(float)
    
            E_ours = ising.local_energy(v, rbm.psi_ratio)
            E_ref = netket_local_energy(N, h, v, rbm)
    
&gt;           assert np.allclose(E_ours, E_ref, atol=1e-5), (
                f"N={N}, h={h}, seed={seed}, v={v}\n"
                f"  ours={E_ours:.8f}, netket={E_ref:.8f}, "
                f"diff={abs(E_ours - E_ref):.2e}"
            )
E           AssertionError: N=12, h=1.0, seed=2, v=[ 1. -1. -1. -1. -1.  1. -1. -1. -1.  1.  1.  1.]
E               ours=-15.98404602, netket=-15.97460587, diff=9.44e-03
E           assert False
E            +  where False = &lt;function allclose at 0x7faa54f663f0&gt;(np.float64(-15.984046018457146), -15.974605866296908, atol=1e-05)
E            +    where &lt;function allclose at 0x7faa54f663f0&gt; = np.allclose

tests/local_energy.py:180: AssertionError</failure></testcase><testcase classname="tests.local_energy" name="test_local_energy_matches_netket[2-16-0.5]" time="0.033"><failure message="AssertionError: N=16, h=0.5, seed=2, v=[ 1. -1. -1. -1. -1.  1. -1. -1. -1.  1.  1.  1.  1. -1.  1. -1.]&#10;    ours=-7.98968607, netket=-7.96905805, diff=2.06e-02&#10;assert False&#10; +  where False = &lt;function allclose at 0x7faa54f663f0&gt;(np.float64(-7.98968606666457), -7.969058045299884, atol=1e-05)&#10; +    where &lt;function allclose at 0x7faa54f663f0&gt; = np.allclose">N = 16, h = 0.5, seed = 2

    @pytest.mark.parametrize(
        "N,h",
        [
            (4, 0.1),
            (4, 1.0),
            (4, 2.0),
            (8, 0.5),
            (8, 1.5),
            (12, 1.0),
            (16, 0.5),
        ],
    )
    @pytest.mark.parametrize("seed", [0, 1, 2])
    def test_local_energy_matches_netket(N: int, h: float, seed: int):
        """Per-configuration local energy must agree with NetKet to 1e-5."""
        rng = np.random.default_rng(seed)
        ising = TransverseFieldIsing1D(N, h)
        rbm = make_rbm_with_known_weights(N, seed)
    
        for _ in range(3):
            v = rng.choice([-1, 1], size=N).astype(float)
    
            E_ours = ising.local_energy(v, rbm.psi_ratio)
            E_ref = netket_local_energy(N, h, v, rbm)
    
&gt;           assert np.allclose(E_ours, E_ref, atol=1e-5), (
                f"N={N}, h={h}, seed={seed}, v={v}\n"
                f"  ours={E_ours:.8f}, netket={E_ref:.8f}, "
                f"diff={abs(E_ours - E_ref):.2e}"
            )
E           AssertionError: N=16, h=0.5, seed=2, v=[ 1. -1. -1. -1. -1.  1. -1. -1. -1.  1.  1.  1.  1. -1.  1. -1.]
E               ours=-7.98968607, netket=-7.96905805, diff=2.06e-02
E           assert False
E            +  where False = &lt;function allclose at 0x7faa54f663f0&gt;(np.float64(-7.98968606666457), -7.969058045299884, atol=1e-05)
E            +    where &lt;function allclose at 0x7faa54f663f0&gt; = np.allclose

tests/local_energy.py:180: AssertionError</failure></testcase><testcase classname="tests.local_energy" name="test_energy_estimate_is_finite_and_consistent[0-4-1.0]" time="0.378" /><testcase classname="tests.local_energy" name="test_energy_estimate_is_finite_and_consistent[0-8-0.5]" time="0.405" /><testcase classname="tests.local_energy" name="test_energy_estimate_is_finite_and_consistent[0-8-1.5]" time="0.075" /><testcase classname="tests.local_energy" name="test_energy_estimate_is_finite_and_consistent[1-4-1.0]" time="0.039" /><testcase classname="tests.local_energy" name="test_energy_estimate_is_finite_and_consistent[1-8-0.5]" time="0.036" /><testcase classname="tests.local_energy" name="test_energy_estimate_is_finite_and_consistent[1-8-1.5]" time="0.028" /><testcase classname="tests.local_energy" name="test_error_of_mean_decreases_with_samples[4-1.0]" time="1.436" /><testcase classname="tests.local_energy" name="test_error_of_mean_decreases_with_samples[8-1.0]" time="1.250" /><testcase classname="tests.local_energy" name="test_netket_params_match_our_rbm[0-4]" time="0.006" /><testcase classname="tests.local_energy" name="test_netket_params_match_our_rbm[0-8]" time="0.005" /><testcase classname="tests.local_energy" name="test_netket_params_match_our_rbm[1-4]" time="0.006" /><testcase classname="tests.local_energy" name="test_netket_params_match_our_rbm[1-8]" time="0.011" /><testcase classname="tests.local_energy" name="test_netket_params_match_our_rbm[2-4]" time="0.007" /><testcase classname="tests.local_energy" name="test_netket_params_match_our_rbm[2-8]" time="0.005" /></testsuite></testsuites>